2014-09-25 11:30:44,328 INFO  [de.galan.dmsexchange.doctape.DoctapeExport] aaa
2014-09-25 11:32:27,519 INFO  [de.galan.dmsexchange.doctape.DoctapeExport] Calling https://my.doctape.com/oauth2?redirect_uri=http%3A%2F%2Flocalhost%3A8765%2Fdms-exchange%2Fauth&client_id=0006a3e9-7b7f-454d-93f9-f5a80648e535
2014-09-25 11:37:41,563 INFO  [de.galan.dmsexchange.doctape.DoctapeExport] Calling https://my.doctape.com/oauth2?scope=account.read+file.read&response_type=code&redirect_uri=http%3A%2F%2Flocalhost%3A8765%2Fdms-exchange%2Fauth&client_id=0006a3e9-7b7f-454d-93f9-f5a80648e535
2014-09-25 11:46:40,763 INFO  [de.galan.dmsexchange.doctape.DoctapeExport] Calling https://my.doctape.com/oauth2?scope=account.read+file.read&response_type=code&redirect_uri=http%3A%2F%2Flocalhost%3A8765%2Fdms-exchange%2Fauth&client_id=0006a3e9-7b7f-454d-93f9-f5a80648e535
2014-09-25 11:47:32,361 INFO  [de.galan.dmsexchange.doctape.DoctapeExport] Calling https://my.doctape.com/oauth2?scope=account.read+file.read&response_type=code&redirect_uri=http%3A%2F%2Flocalhost%3A8765%2Fdms-exchange%2Fauth&client_id=0006a3e9-7b7f-454d-93f9-f5a80648e535
2014-09-25 11:48:17,857 INFO  [de.galan.dmsexchange.doctape.DoctapeResource] callback
2014-09-25 21:10:04,867 INFO  [de.galan.dmsexchange.doctape.DoctapeExport] Calling https://my.doctape.com/oauth2?scope=account.read+file.read&response_type=code&redirect_uri=http%3A%2F%2Flocalhost%3A8765%2Fdms-exchange%2Fauth&client_id=0006a3e9-7b7f-454d-93f9-f5a80648e535
2014-09-25 21:10:04,868 INFO  [de.galan.dmsexchange.doctape.DoctapeExport] aaa
2014-09-25 22:35:21,679 INFO  [de.galan.dmsexchange.doctape.DoctapeExport] Calling https://my.doctape.com/oauth2?scope=account.read+file.read&response_type=code&redirect_uri=http%3A%2F%2Flocalhost%3A8765%2Fdms-exchange%2Fauth&client_id=0006a3e9-7b7f-454d-93f9-f5a80648e535
2014-09-25 22:35:22,516 INFO  [de.galan.dmsexchange.doctape.DoctapeExport] aaa
2014-09-25 22:39:29,743 INFO  [de.galan.dmsexchange.doctape.DoctapeExport] Calling https://my.doctape.com/oauth2?scope=account.read+file.read&response_type=code&redirect_uri=http%3A%2F%2Flocalhost%3A8765%2Fdms-exchange%2Fauth&client_id=0006a3e9-7b7f-454d-93f9-f5a80648e535
2014-09-25 22:39:29,916 INFO  [de.galan.dmsexchange.doctape.DoctapeExport] aaa
2014-09-25 22:40:51,680 INFO  [de.galan.dmsexchange.doctape.DoctapeExport] Calling https://my.doctape.com/oauth2?scope=account.read+file.read&response_type=code&redirect_uri=http%3A%2F%2Flocalhost%3A8765%2Fdms-exchange%2Fauth&client_id=0006a3e9-7b7f-454d-93f9-f5a80648e535
2014-09-25 22:40:51,866 INFO  [de.galan.dmsexchange.doctape.DoctapeExport] aaa
2014-09-27 00:33:55,942 INFO  [de.galan.dmsexchange.doctape.DoctapeExport] Calling https://my.doctape.com/oauth2?scope=account.read+file.read&response_type=code&redirect_uri=http%3A%2F%2Flocalhost%3A8765%2Fdms-exchange%2Fauth&client_id=0006a3e9-7b7f-454d-93f9-f5a80648e535
2014-09-27 00:33:56,682 INFO  [de.galan.dmsexchange.doctape.DoctapeExport] aaa
2014-09-27 00:40:38,738 INFO  [de.galan.dmsexchange.doctape.DoctapeExport] Calling https://my.doctape.com/oauth2?scope=account.read+file.read&response_type=code&redirect_uri=http%3A%2F%2Flocalhost%3A8765%2Fdms-exchange%2Fauth&client_id=0006a3e9-7b7f-454d-93f9-f5a80648e535
2014-09-27 00:40:38,907 INFO  [de.galan.dmsexchange.doctape.DoctapeExport] aaa
2014-09-27 00:46:55,659 INFO  [de.galan.dmsexchange.doctape.DoctapeExport] Calling https://my.doctape.com/oauth2?scope=account.read+file.read&response_type=code&redirect_uri=http%3A%2F%2Flocalhost%3A8765%2Fdms-exchange%2Fauth&state=anystring&client_id=0006a3e9-7b7f-454d-93f9-f5a80648e535
2014-09-27 00:46:55,846 INFO  [de.galan.dmsexchange.doctape.DoctapeExport] aaa
2014-09-27 00:50:50,257 INFO  [de.galan.dmsexchange.doctape.DoctapeExport] Calling https://my.doctape.com/oauth2?scope=account.read+file.read&response_type=code&redirect_uri=http%3A%2F%2Flocalhost%3A8765%2Fdms-exchange%2Fauth&state=anystring&client_id=0006a3e9-7b7f-454d-93f9-f5a80648e535
2014-09-27 00:50:50,448 INFO  [de.galan.dmsexchange.doctape.DoctapeExport] aaa
2014-09-27 00:53:01,652 INFO  [de.galan.dmsexchange.doctape.DoctapeExport] Calling https://my.doctape.com/oauth2?scope=account.read+file.read&response_type=token&redirect_uri=http%3A%2F%2Flocalhost%3A8765%2Fdms-exchange%2Fauth&state=anystring&client_id=0006a3e9-7b7f-454d-93f9-f5a80648e535
2014-09-27 00:53:01,844 INFO  [de.galan.dmsexchange.doctape.DoctapeExport] aaa
2014-09-27 18:03:50,298 INFO  [de.galan.dmsexchange.doctape.DoctapeExport] Calling https://my.doctape.com/oauth2?scope=account.read+file.read&response_type=token&redirect_uri=http%3A%2F%2Flocalhost%3A8765%2Fdms-exchange%2Fauth&state=anystring&client_id=0006a3e9-7b7f-454d-93f9-f5a80648e535
2014-09-27 18:03:51,074 INFO  [de.galan.dmsexchange.doctape.DoctapeExport] aaa
2014-09-27 18:09:43,205 INFO  [de.galan.dmsexchange.doctape.DoctapeExport] Calling https://my.doctape.com/oauth2?scope=account.read+file.read&response_type=token&redirect_uri=http%3A%2F%2Flocalhost%3A8765%2Fdms-exchange%2Fauth&state=anystring&client_id=0006a3e9-7b7f-454d-93f9-f5a80648e535
2014-09-27 18:09:43,400 INFO  [de.galan.dmsexchange.doctape.DoctapeExport] aaa
2014-09-27 18:18:00,661 INFO  [de.galan.dmsexchange.doctape.DoctapeExport] Calling https://my.doctape.com/oauth2?scope=account.read+file.read&response_type=token&redirect_uri=http%3A%2F%2Flocalhost%3A8765%2Fdms-exchange%2Fauth&state=anystring&client_id=0006a3e9-7b7f-454d-93f9-f5a80648e535
2014-09-27 18:18:00,847 INFO  [de.galan.dmsexchange.doctape.DoctapeExport] aaa
2014-09-27 18:18:17,474 INFO  [de.galan.dmsexchange.doctape.DoctapeExport] Calling https://my.doctape.com/oauth2?scope=account.read+file.read&response_type=token&redirect_uri=http%3A%2F%2Flocalhost%3A8765%2Fdms-exchange%2Fauth&state=anystring&client_id=0006a3e9-7b7f-454d-93f9-f5a80648e535
2014-09-27 18:18:17,639 INFO  [de.galan.dmsexchange.doctape.DoctapeExport] aaa
2014-10-12 19:19:04,866 ERROR [de.galan.dmsexchange.doctape.DoctapeExport] Failed
javax.ws.rs.ProcessingException: [failed to localize] error.when.creating.server()
	at org.glassfish.jersey.simple.SimpleContainerFactory._create(SimpleContainerFactory.java:300)
	at org.glassfish.jersey.simple.SimpleContainerFactory.create(SimpleContainerFactory.java:183)
	at org.glassfish.jersey.simple.SimpleContainerFactory.create(SimpleContainerFactory.java:98)
	at de.galan.dmsexchange.doctape.DoctapeExport.startServer(DoctapeExport.java:67)
	at de.galan.dmsexchange.doctape.DoctapeExport.main(DoctapeExport.java:32)
Caused by: java.net.BindException: Address already in use
	at sun.nio.ch.Net.bind0(Native Method)
	at sun.nio.ch.Net.bind(Net.java:414)
	at sun.nio.ch.Net.bind(Net.java:406)
	at sun.nio.ch.ServerSocketChannelImpl.bind(ServerSocketChannelImpl.java:214)
	at sun.nio.ch.ServerSocketAdaptor.bind(ServerSocketAdaptor.java:74)
	at org.simpleframework.transport.connect.SocketAcceptor.bind(SocketAcceptor.java:183)
	at org.simpleframework.transport.connect.SocketAcceptor.<init>(SocketAcceptor.java:100)
	at org.simpleframework.transport.connect.SocketListener.<init>(SocketListener.java:81)
	at org.simpleframework.transport.connect.SocketListenerManager.listen(SocketListenerManager.java:98)
	at org.simpleframework.transport.connect.SocketConnection.connect(SocketConnection.java:126)
	at org.glassfish.jersey.simple.SimpleContainerFactory._create(SimpleContainerFactory.java:283)
	... 4 more
2014-10-12 19:41:26,265 INFO  [de.galan.dmsexchange.doctape.DoctapeExport] Calling https://my.doctape.com/oauth2?scope=account.read+file.read&response_type=token&redirect_uri=http%3A%2F%2Flocalhost%3A8765%2Fdms-exchange%2Fauth&state=anystring&client_id=0006a3e9-7b7f-454d-93f9-f5a80648e535
2014-10-12 19:41:26,791 INFO  [de.galan.dmsexchange.doctape.DoctapeExport] aaa
2014-10-12 19:42:45,834 INFO  [de.galan.dmsexchange.doctape.DoctapeExport] Calling https://my.doctape.com/oauth2?scope=account.read+file.read&response_type=token&redirect_uri=http%3A%2F%2Flocalhost%3A8765%2Fdms-exchange%2Fauth&state=anystring&client_id=0006a3e9-7b7f-454d-93f9-f5a80648e535
2014-10-12 19:42:46,002 INFO  [de.galan.dmsexchange.doctape.DoctapeExport] aaa
2014-10-12 19:42:56,525 INFO  [de.galan.dmsexchange.doctape.OAuth2Resource] access_token:'5a4dae84-cb6b-4248-a0f6-0cb2cc318322'
2014-10-12 19:46:17,524 WARN  [de.galan.dmsexchange.doctape.OAuth2Resource] meep
2014-10-18 00:29:46,321 INFO  [de.galan.dmsexchange.doctape.DoctapeExport] Calling https://my.doctape.com/oauth2?scope=account.read+file.read&response_type=token&redirect_uri=http%3A%2F%2Flocalhost%3A8765%2Fdms-exchange%2Fauth&state=anystring&client_id=0006a3e9-7b7f-454d-93f9-f5a80648e535
2014-10-18 00:29:49,206 INFO  [de.galan.dmsexchange.doctape.DoctapeExport] aaa
2014-10-18 00:31:48,913 INFO  [de.galan.dmsexchange.doctape.DoctapeExport] Calling https://my.doctape.com/oauth2?scope=account.read+file.read&response_type=token&redirect_uri=http%3A%2F%2Flocalhost%3A8765%2Fdms-exchange%2Fauth&state=anystring&client_id=0006a3e9-7b7f-454d-93f9-f5a80648e535
2014-10-18 00:31:49,097 INFO  [de.galan.dmsexchange.doctape.DoctapeExport] aaa
2014-10-18 00:45:51,804 INFO  [de.galan.dmsexchange.doctape.DoctapeExport] Calling https://my.doctape.com/oauth2?scope=account.read+file.read&response_type=token&redirect_uri=http%3A%2F%2Flocalhost%3A8765%2Fdms-exchange%2Fauth&state=anystring&client_id=0006a3e9-7b7f-454d-93f9-f5a80648e535
2014-10-18 00:45:51,987 INFO  [de.galan.dmsexchange.doctape.DoctapeExport] aaa
2014-10-18 00:49:37,991 INFO  [de.galan.dmsexchange.doctape.OAuth2Resource] access_token:'6711b898-52f3-455d-b579-07c753ac8edb'
2014-10-18 01:00:42,855 INFO  [de.galan.dmsexchange.doctape.DoctapeExport] Calling https://my.doctape.com/oauth2?scope=account.read+file.read&response_type=token&redirect_uri=http%3A%2F%2Flocalhost%3A8765%2Fdms-exchange%2Fauth&state=anystring&client_id=0006a3e9-7b7f-454d-93f9-f5a80648e535
2014-10-18 01:00:43,043 INFO  [de.galan.dmsexchange.doctape.DoctapeExport] aaa
2014-10-18 01:00:43,643 INFO  [de.galan.dmsexchange.doctape.OAuth2Resource] access_token:'c7b87931-9d31-436a-99f7-2fce6d07fbc8'
2014-10-18 01:00:56,101 INFO  [de.galan.dmsexchange.doctape.OAuth2Resource] {"result":{"application":{"docViewer":"html5"},"notifications":{"shared":true,"tapeUpdates":true,"newsletter":true},"linkedApps":{"81e55a55-ab51-4c38-b8e4-64e7e3f2d04d":{"name":"developer.doctape.com","description":"doctape Developer Portal","timeadded":1410715260,"logo":"https://my.doctape.com/v1/app/81e55a55-ab51-4c38-b8e4-64e7e3f2d04d/logo","homepage":null,"scopes":["account.read","app"]},"7b1fe099-b090-4ee2-996b-f83e56aee70f":{"name":"Backtape","description":null,"timeadded":1411561613,"logo":"https://my.doctape.com/v1/app/7b1fe099-b090-4ee2-996b-f83e56aee70f/logo","homepage":null,"scopes":["file.read","account.read"]},"0006a3e9-7b7f-454d-93f9-f5a80648e535":{"name":"dms-exchange","description":"Creates an export in the format defined by the dms-exchange-specification.","timeadded":1411770946,"logo":"https://my.doctape.com/v1/app/0006a3e9-7b7f-454d-93f9-f5a80648e535/logo","homepage":"https://github.com/galan/dms-exchange-specification","scopes":["account.read","file.read"]}},"quota":5000000000,"username":"galan","firstname":"","lastname":"","email":"web@galan.de","referer_token":"9cc6c2e9fd67b8505f6b9d12e452dec6","country_code":"DE","language_code":"de","avatar":"https://my.doctape.com/v1/account/avatar?1413586967116","quota_used":304240,"quota_free":4999695760,"type":"basic","paymill":null,"permissions":{"embed":false,"streamHd":false,"searchMeta":false,"searchContent":false,"downloadAs":{"pdf":false,"mp3":false,"mp4Sd":false,"mp4Hd":false}}}}
2014-10-23 22:39:07,195 INFO  [de.galan.dmsexchange.doctape.DoctapeExport] Calling https://my.doctape.com/oauth2?scope=account.read+file.read&response_type=token&redirect_uri=http%3A%2F%2Flocalhost%3A8765%2Fdms-exchange%2Fauth&state=anystring&client_id=0006a3e9-7b7f-454d-93f9-f5a80648e535
2014-10-23 22:58:46,149 INFO  [de.galan.dmsexchange.doctape.DoctapeExport] Calling (not) https://my.doctape.com/oauth2?scope=account.read+file.read&response_type=token&redirect_uri=http%3A%2F%2Flocalhost%3A8765%2Fdms-exchange%2Fauth&state=anystring&client_id=0006a3e9-7b7f-454d-93f9-f5a80648e535
2014-10-23 22:58:46,154 INFO  [de.galan.dmsexchange.doctape.DoctapeExport] Calling https://my.doctape.com/oauth2?scope=account.read+file.read&response_type=token&redirect_uri=http%253A%252F%252Flocalhost%253A8765%252Fdms-exchange%252Fauth&state=anystate&client_id=0006a3e9-7b7f-454d-93f9-f5a80648e535
2014-10-23 22:59:33,019 INFO  [de.galan.dmsexchange.doctape.DoctapeExport] Calling (not) https://my.doctape.com/oauth2?scope=account.read+file.read&response_type=token&redirect_uri=http%3A%2F%2Flocalhost%3A8765%2Fdms-exchange%2Fauth&state=anystring&client_id=0006a3e9-7b7f-454d-93f9-f5a80648e535
2014-10-23 22:59:33,020 INFO  [de.galan.dmsexchange.doctape.DoctapeExport] Calling https://my.doctape.com/oauth2?scope=account.read+file.read&response_type=token&redirect_uri=http%3A%2F%2Flocalhost%3A8765%2Fdms-exchange%2Fauth&state=anystate&client_id=0006a3e9-7b7f-454d-93f9-f5a80648e535
2014-10-23 23:00:37,195 INFO  [de.galan.dmsexchange.doctape.DoctapeExport] aaa
2014-10-23 23:00:56,218 INFO  [de.galan.dmsexchange.doctape.OAuth2Resource] access_token:'0fcc9058-b5ee-4eab-bebf-1a790364f28e'
2014-10-23 23:01:43,496 INFO  [de.galan.dmsexchange.doctape.OAuth2Resource] {"result":{"application":{"docViewer":"html5"},"notifications":{"shared":true,"tapeUpdates":true,"newsletter":true},"linkedApps":{"81e55a55-ab51-4c38-b8e4-64e7e3f2d04d":{"name":"developer.doctape.com","description":"doctape Developer Portal","timeadded":1410715260,"logo":"https://my.doctape.com/v1/app/81e55a55-ab51-4c38-b8e4-64e7e3f2d04d/logo","homepage":null,"scopes":["account.read","app"]},"7b1fe099-b090-4ee2-996b-f83e56aee70f":{"name":"Backtape","description":null,"timeadded":1411561613,"logo":"https://my.doctape.com/v1/app/7b1fe099-b090-4ee2-996b-f83e56aee70f/logo","homepage":null,"scopes":["file.read","account.read"]},"0006a3e9-7b7f-454d-93f9-f5a80648e535":{"name":"dms-exchange","description":"Creates an export in the format defined by the dms-exchange-specification.","timeadded":1411770946,"logo":"https://my.doctape.com/v1/app/0006a3e9-7b7f-454d-93f9-f5a80648e535/logo","homepage":"https://github.com/galan/dms-exchange-specification","scopes":["account.read","file.read"]}},"quota":5000000000,"username":"galan","firstname":"","lastname":"","email":"web@galan.de","referer_token":"9cc6c2e9fd67b8505f6b9d12e452dec6","country_code":"DE","language_code":"de","avatar":"https://my.doctape.com/v1/account/avatar?1414098190486","quota_used":304240,"quota_free":4999695760,"type":"basic","paymill":null,"permissions":{"embed":false,"streamHd":false,"searchMeta":false,"searchContent":false,"downloadAs":{"pdf":false,"mp3":false,"mp4Sd":false,"mp4Hd":false}}}}
2014-10-23 23:06:39,407 INFO  [de.galan.dmsexchange.doctape.DoctapeExport] Calling (not) https://my.doctape.com/oauth2?scope=account.read+file.read&response_type=token&redirect_uri=http%3A%2F%2Flocalhost%3A8765%2Fdms-exchange%2Fauth&state=anystring&client_id=0006a3e9-7b7f-454d-93f9-f5a80648e535
2014-10-23 23:06:39,408 INFO  [de.galan.dmsexchange.doctape.DoctapeExport] Calling https://my.doctape.com/oauth2?scope=account.read+file.read&response_type=token&redirect_uri=http%3A%2F%2Flocalhost%3A8765%2Fdms-exchange%2Fauth&state=anystate&client_id=0006a3e9-7b7f-454d-93f9-f5a80648e535
2014-10-23 23:06:41,484 INFO  [de.galan.dmsexchange.doctape.DoctapeExport] aaa
2014-10-23 23:06:42,113 INFO  [de.galan.dmsexchange.doctape.OAuth2Resource] access_token:'c5bbc1d7-ca5c-4e02-8302-689c2b846c17'
2014-10-23 23:07:02,704 INFO  [de.galan.dmsexchange.doctape.OAuth2Resource] {"result":{"application":{"docViewer":"html5"},"notifications":{"shared":true,"tapeUpdates":true,"newsletter":true},"linkedApps":{"81e55a55-ab51-4c38-b8e4-64e7e3f2d04d":{"name":"developer.doctape.com","description":"doctape Developer Portal","timeadded":1410715260,"logo":"https://my.doctape.com/v1/app/81e55a55-ab51-4c38-b8e4-64e7e3f2d04d/logo","homepage":null,"scopes":["account.read","app"]},"7b1fe099-b090-4ee2-996b-f83e56aee70f":{"name":"Backtape","description":null,"timeadded":1411561613,"logo":"https://my.doctape.com/v1/app/7b1fe099-b090-4ee2-996b-f83e56aee70f/logo","homepage":null,"scopes":["file.read","account.read"]},"0006a3e9-7b7f-454d-93f9-f5a80648e535":{"name":"dms-exchange","description":"Creates an export in the format defined by the dms-exchange-specification.","timeadded":1411770946,"logo":"https://my.doctape.com/v1/app/0006a3e9-7b7f-454d-93f9-f5a80648e535/logo","homepage":"https://github.com/galan/dms-exchange-specification","scopes":["account.read","file.read"]}},"quota":5000000000,"username":"galan","firstname":"","lastname":"","email":"web@galan.de","referer_token":"9cc6c2e9fd67b8505f6b9d12e452dec6","country_code":"DE","language_code":"de","avatar":"https://my.doctape.com/v1/account/avatar?1414098533035","quota_used":304240,"quota_free":4999695760,"type":"basic","paymill":null,"permissions":{"embed":false,"streamHd":false,"searchMeta":false,"searchContent":false,"downloadAs":{"pdf":false,"mp3":false,"mp4Sd":false,"mp4Hd":false}}}}
2014-10-23 23:07:19,674 INFO  [de.galan.dmsexchange.doctape.DoctapeExport] {"result":{"application":{"docViewer":"html5"},"notifications":{"shared":true,"tapeUpdates":true,"newsletter":true},"linkedApps":{"81e55a55-ab51-4c38-b8e4-64e7e3f2d04d":{"name":"developer.doctape.com","description":"doctape Developer Portal","timeadded":1410715260,"logo":"https://my.doctape.com/v1/app/81e55a55-ab51-4c38-b8e4-64e7e3f2d04d/logo","homepage":null,"scopes":["account.read","app"]},"7b1fe099-b090-4ee2-996b-f83e56aee70f":{"name":"Backtape","description":null,"timeadded":1411561613,"logo":"https://my.doctape.com/v1/app/7b1fe099-b090-4ee2-996b-f83e56aee70f/logo","homepage":null,"scopes":["file.read","account.read"]},"0006a3e9-7b7f-454d-93f9-f5a80648e535":{"name":"dms-exchange","description":"Creates an export in the format defined by the dms-exchange-specification.","timeadded":1411770946,"logo":"https://my.doctape.com/v1/app/0006a3e9-7b7f-454d-93f9-f5a80648e535/logo","homepage":"https://github.com/galan/dms-exchange-specification","scopes":["account.read","file.read"]}},"quota":5000000000,"username":"galan","firstname":"","lastname":"","email":"web@galan.de","referer_token":"9cc6c2e9fd67b8505f6b9d12e452dec6","country_code":"DE","language_code":"de","avatar":"https://my.doctape.com/v1/account/avatar?1414098561258","quota_used":304240,"quota_free":4999695760,"type":"basic","paymill":null,"permissions":{"embed":false,"streamHd":false,"searchMeta":false,"searchContent":false,"downloadAs":{"pdf":false,"mp3":false,"mp4Sd":false,"mp4Hd":false}}}}
2014-10-23 23:22:43,417 INFO  [de.galan.dmsexchange.doctape.ActualExport] {"result":{"application":{"docViewer":"html5"},"notifications":{"shared":true,"tapeUpdates":true,"newsletter":true},"linkedApps":{"81e55a55-ab51-4c38-b8e4-64e7e3f2d04d":{"name":"developer.doctape.com","description":"doctape Developer Portal","timeadded":1410715260,"logo":"https://my.doctape.com/v1/app/81e55a55-ab51-4c38-b8e4-64e7e3f2d04d/logo","homepage":null,"scopes":["account.read","app"]},"7b1fe099-b090-4ee2-996b-f83e56aee70f":{"name":"Backtape","description":null,"timeadded":1411561613,"logo":"https://my.doctape.com/v1/app/7b1fe099-b090-4ee2-996b-f83e56aee70f/logo","homepage":null,"scopes":["file.read","account.read"]},"0006a3e9-7b7f-454d-93f9-f5a80648e535":{"name":"dms-exchange","description":"Creates an export in the format defined by the dms-exchange-specification.","timeadded":1411770946,"logo":"https://my.doctape.com/v1/app/0006a3e9-7b7f-454d-93f9-f5a80648e535/logo","homepage":"https://github.com/galan/dms-exchange-specification","scopes":["account.read","file.read"]}},"quota":5000000000,"username":"galan","firstname":"","lastname":"","email":"web@galan.de","referer_token":"9cc6c2e9fd67b8505f6b9d12e452dec6","country_code":"DE","language_code":"de","avatar":"https://my.doctape.com/v1/account/avatar?1414099425465","quota_used":304240,"quota_free":4999695760,"type":"basic","paymill":null,"permissions":{"embed":false,"streamHd":false,"searchMeta":false,"searchContent":false,"downloadAs":{"pdf":false,"mp3":false,"mp4Sd":false,"mp4Hd":false}}}}
2014-10-23 23:22:51,052 ERROR [de.galan.dmsexchange.doctape.DoctapeExport] Failed
javax.ws.rs.ProcessingException: [failed to localize] error.when.creating.server()
	at org.glassfish.jersey.simple.SimpleContainerFactory._create(SimpleContainerFactory.java:300)
	at org.glassfish.jersey.simple.SimpleContainerFactory.create(SimpleContainerFactory.java:183)
	at org.glassfish.jersey.simple.SimpleContainerFactory.create(SimpleContainerFactory.java:98)
	at de.galan.dmsexchange.doctape.DoctapeExport.startServer(DoctapeExport.java:61)
	at de.galan.dmsexchange.doctape.DoctapeExport.main(DoctapeExport.java:33)
Caused by: java.net.BindException: Address already in use
	at sun.nio.ch.Net.bind0(Native Method)
	at sun.nio.ch.Net.bind(Net.java:414)
	at sun.nio.ch.Net.bind(Net.java:406)
	at sun.nio.ch.ServerSocketChannelImpl.bind(ServerSocketChannelImpl.java:214)
	at sun.nio.ch.ServerSocketAdaptor.bind(ServerSocketAdaptor.java:74)
	at org.simpleframework.transport.connect.SocketAcceptor.bind(SocketAcceptor.java:183)
	at org.simpleframework.transport.connect.SocketAcceptor.<init>(SocketAcceptor.java:100)
	at org.simpleframework.transport.connect.SocketListener.<init>(SocketListener.java:81)
	at org.simpleframework.transport.connect.SocketListenerManager.listen(SocketListenerManager.java:98)
	at org.simpleframework.transport.connect.SocketConnection.connect(SocketConnection.java:126)
	at org.glassfish.jersey.simple.SimpleContainerFactory._create(SimpleContainerFactory.java:283)
	... 4 more
2014-10-23 23:24:09,100 INFO  [de.galan.dmsexchange.doctape.ActualExport] web@galan.de
2014-10-23 23:24:09,121 INFO  [de.galan.commons.util.JvmUtils$TerminateBuilder] 
	┏━━━━━━━━━━━━━━━━━━━━━━━━━━━━━━━━━━━━━━━━━━━━━━━━━━━━━━━━━━━━━━━━━━━━╍
	┃ 
	┃ The JavaVM will exit NOW, return code is {0}
	┃ 
	┃ Finished export
	┃ 
	┗━━━━━━━━━━━━━━━━━━━━━━━━━━━━━━━━━━━━━━━━━━━━━━━━━━━━━━━━━━━━━━━━━━━━╍

2015-02-28 00:03:53,682 ERROR [de.galan.dmsexchange.tool.provider.organizeme.OrganizemeDmsProvider] failed
com.thoughtworks.xstream.mapper.CannotResolveClassException: documents
	at com.thoughtworks.xstream.mapper.DefaultMapper.realClass(DefaultMapper.java:79)
	at com.thoughtworks.xstream.mapper.MapperWrapper.realClass(MapperWrapper.java:30)
	at com.thoughtworks.xstream.mapper.DynamicProxyMapper.realClass(DynamicProxyMapper.java:55)
	at com.thoughtworks.xstream.mapper.MapperWrapper.realClass(MapperWrapper.java:30)
	at com.thoughtworks.xstream.mapper.PackageAliasingMapper.realClass(PackageAliasingMapper.java:88)
	at com.thoughtworks.xstream.mapper.MapperWrapper.realClass(MapperWrapper.java:30)
	at com.thoughtworks.xstream.mapper.ClassAliasingMapper.realClass(ClassAliasingMapper.java:79)
	at com.thoughtworks.xstream.mapper.MapperWrapper.realClass(MapperWrapper.java:30)
	at com.thoughtworks.xstream.mapper.MapperWrapper.realClass(MapperWrapper.java:30)
	at com.thoughtworks.xstream.mapper.MapperWrapper.realClass(MapperWrapper.java:30)
	at com.thoughtworks.xstream.mapper.MapperWrapper.realClass(MapperWrapper.java:30)
	at com.thoughtworks.xstream.mapper.MapperWrapper.realClass(MapperWrapper.java:30)
	at com.thoughtworks.xstream.mapper.MapperWrapper.realClass(MapperWrapper.java:30)
	at com.thoughtworks.xstream.mapper.ArrayMapper.realClass(ArrayMapper.java:74)
	at com.thoughtworks.xstream.mapper.MapperWrapper.realClass(MapperWrapper.java:30)
	at com.thoughtworks.xstream.mapper.MapperWrapper.realClass(MapperWrapper.java:30)
	at com.thoughtworks.xstream.mapper.MapperWrapper.realClass(MapperWrapper.java:30)
	at com.thoughtworks.xstream.mapper.MapperWrapper.realClass(MapperWrapper.java:30)
	at com.thoughtworks.xstream.mapper.MapperWrapper.realClass(MapperWrapper.java:30)
	at com.thoughtworks.xstream.mapper.MapperWrapper.realClass(MapperWrapper.java:30)
	at com.thoughtworks.xstream.mapper.SecurityMapper.realClass(SecurityMapper.java:71)
	at com.thoughtworks.xstream.mapper.MapperWrapper.realClass(MapperWrapper.java:30)
	at com.thoughtworks.xstream.mapper.MapperWrapper.realClass(MapperWrapper.java:30)
	at com.thoughtworks.xstream.mapper.CachingMapper.realClass(CachingMapper.java:47)
	at com.thoughtworks.xstream.core.util.HierarchicalStreams.readClassType(HierarchicalStreams.java:29)
	at com.thoughtworks.xstream.core.TreeUnmarshaller.start(TreeUnmarshaller.java:133)
	at com.thoughtworks.xstream.core.AbstractTreeMarshallingStrategy.unmarshal(AbstractTreeMarshallingStrategy.java:32)
	at com.thoughtworks.xstream.XStream.unmarshal(XStream.java:1185)
	at com.thoughtworks.xstream.XStream.unmarshal(XStream.java:1169)
	at com.thoughtworks.xstream.XStream.fromXML(XStream.java:1148)
	at de.galan.dmsexchange.tool.provider.organizeme.OrganizemeDmsProvider.exportArchive(OrganizemeDmsProvider.java:39)
	at de.galan.dmsexchange.tool.Launcher.main(Launcher.java:16)
2015-02-28 00:08:17,095 ERROR [de.galan.dmsexchange.tool.provider.organizeme.OrganizemeDmsProvider] failed
com.thoughtworks.xstream.io.StreamException:  : input contained no data
	at com.thoughtworks.xstream.io.xml.XppReader.pullNextEvent(XppReader.java:126)
	at com.thoughtworks.xstream.io.xml.AbstractPullReader.readRealEvent(AbstractPullReader.java:148)
	at com.thoughtworks.xstream.io.xml.AbstractPullReader.readEvent(AbstractPullReader.java:141)
	at com.thoughtworks.xstream.io.xml.AbstractPullReader.move(AbstractPullReader.java:118)
	at com.thoughtworks.xstream.io.xml.AbstractPullReader.moveDown(AbstractPullReader.java:103)
	at com.thoughtworks.xstream.io.xml.XppReader.<init>(XppReader.java:63)
	at com.thoughtworks.xstream.io.xml.AbstractXppDriver.createReader(AbstractXppDriver.java:54)
	at com.thoughtworks.xstream.io.xml.AbstractXppDriver.createReader(AbstractXppDriver.java:65)
	at com.thoughtworks.xstream.XStream.fromXML(XStream.java:1049)
	at de.galan.dmsexchange.tool.provider.organizeme.OrganizemeDmsProvider.exportArchive(OrganizemeDmsProvider.java:40)
	at de.galan.dmsexchange.tool.Launcher.main(Launcher.java:16)
Caused by: java.io.EOFException: input contained no data
	at org.xmlpull.mxp1.MXParser.fillBuf(MXParser.java:3003)
	at org.xmlpull.mxp1.MXParser.more(MXParser.java:3046)
	at org.xmlpull.mxp1.MXParser.parseProlog(MXParser.java:1410)
	at org.xmlpull.mxp1.MXParser.nextImpl(MXParser.java:1395)
	at org.xmlpull.mxp1.MXParser.next(MXParser.java:1093)
	at com.thoughtworks.xstream.io.xml.XppReader.pullNextEvent(XppReader.java:109)
	... 10 more
2015-02-28 00:08:20,833 ERROR [de.galan.dmsexchange.tool.provider.organizeme.OrganizemeDmsProvider] failed
java.lang.ClassCastException: de.galan.dmsexchange.tool.provider.organizeme.OmDocuments cannot be cast to java.util.List
	at de.galan.dmsexchange.tool.provider.organizeme.OrganizemeDmsProvider.exportArchive(OrganizemeDmsProvider.java:40)
	at de.galan.dmsexchange.tool.Launcher.main(Launcher.java:16)
2015-02-28 00:36:49,242 ERROR [de.galan.dmsexchange.tool.provider.organizeme.OrganizemeDmsProvider] failed
java.lang.ClassCastException: de.galan.dmsexchange.tool.provider.organizeme.OmDocuments cannot be cast to java.util.List
	at de.galan.dmsexchange.tool.provider.organizeme.OrganizemeDmsProvider.readDataXml(OrganizemeDmsProvider.java:69)
	at de.galan.dmsexchange.tool.provider.organizeme.OrganizemeDmsProvider.exportArchive(OrganizemeDmsProvider.java:46)
	at de.galan.dmsexchange.tool.Launcher.main(Launcher.java:16)
2015-02-28 00:38:47,056 ERROR [de.galan.dmsexchange.tool.provider.organizeme.OrganizemeDmsProvider] failed
java.lang.NullPointerException
	at com.google.common.base.Preconditions.checkNotNull(Preconditions.java:210)
	at com.google.common.base.Splitter.split(Splitter.java:386)
	at de.galan.dmsexchange.tool.provider.organizeme.OmDocument.getTagsArray(OmDocument.java:104)
	at de.galan.dmsexchange.tool.provider.organizeme.OrganizemeDmsProvider.convertDocument(OrganizemeDmsProvider.java:81)
	at de.galan.dmsexchange.tool.provider.organizeme.OrganizemeDmsProvider.exportArchive(OrganizemeDmsProvider.java:49)
	at de.galan.dmsexchange.tool.Launcher.main(Launcher.java:16)
2015-02-28 00:40:15,425 INFO  [de.galan.dmsexchange.exchange.write.DocumentAddedLoggingListener] Added document (idSystem:075f1536-4c4e-42bd-83fb-e0d1aefd828a)
2015-02-28 00:40:18,807 INFO  [de.galan.dmsexchange.exchange.write.DocumentAddedLoggingListener] Added document (idSystem:2289a223-8a2d-4e68-aec1-baa86e22a88d)
2015-02-28 00:40:19,515 INFO  [de.galan.dmsexchange.exchange.write.DocumentAddedLoggingListener] Added document (idSystem:e31cc123-9d7d-4b2b-a81d-3569ccaf026a)
2015-03-01 20:37:41,105 ERROR [de.galan.dmsexchange.tool.provider.organizeme.OrganizemeDmsProvider] failed
java.io.FileNotFoundException: /home/daniel/Dropbox/dev/projects/dms/dms-exchange-doctape/instance/storage/organizeme-e6e6591e-3d4a-4d73-ab61-bb566950b6d5.zip (No such file or directory)
	at java.util.zip.ZipFile.open(Native Method)
	at java.util.zip.ZipFile.<init>(ZipFile.java:220)
	at java.util.zip.ZipFile.<init>(ZipFile.java:150)
	at java.util.zip.ZipFile.<init>(ZipFile.java:164)
	at de.galan.dmsexchange.tool.provider.organizeme.OrganizemeDmsProvider.exportArchive(OrganizemeDmsProvider.java:44)
	at de.galan.dmsexchange.tool.Launcher.main(Launcher.java:16)
2015-03-01 20:39:24,655 INFO  [de.galan.dmsexchange.exchange.write.DocumentAddedLoggingListener] Added document (idSystem:075f1536-4c4e-42bd-83fb-e0d1aefd828a)
2015-03-01 20:39:24,659 INFO  [de.galan.dmsexchange.exchange.write.DocumentAddedLoggingListener] Added document (idSystem:2289a223-8a2d-4e68-aec1-baa86e22a88d)
2015-03-01 20:39:24,673 INFO  [de.galan.dmsexchange.exchange.write.DocumentAddedLoggingListener] Added document (idSystem:e31cc123-9d7d-4b2b-a81d-3569ccaf026a)
